[debug] [2023-03-12T06:43:45.079Z] ----------------------------------------------------------------------
[debug] [2023-03-12T06:43:45.081Z] Command:       C:\Program Files\nodejs\node.exe C:\Users\HP\AppData\Roaming\npm\node_modules\firebase-tools\lib\bin\firebase.js init
[debug] [2023-03-12T06:43:45.082Z] CLI Version:   11.24.1
[debug] [2023-03-12T06:43:45.082Z] Platform:      win32
[debug] [2023-03-12T06:43:45.082Z] Node Version:  v14.18.1
[debug] [2023-03-12T06:43:45.083Z] Time:          Sun Mar 12 2023 12:13:45 GMT+0530 (India Standard Time)
[debug] [2023-03-12T06:43:45.083Z] ----------------------------------------------------------------------
[debug] 
[debug] [2023-03-12T06:43:45.091Z] > command requires scopes: ["email","openid","https://www.googleapis.com/auth/cloudplatformprojects.readonly","https://www.googleapis.com/auth/firebase","https://www.googleapis.com/auth/cloud-platform"]
[debug] [2023-03-12T06:43:45.091Z] > authorizing via signed-in user (ankurrajdutta@gmail.com)
[info] 
     ######## #### ########  ######## ########     ###     ######  ########
     ##        ##  ##     ## ##       ##     ##  ##   ##  ##       ##
     ######    ##  ########  ######   ########  #########  ######  ######
     ##        ##  ##    ##  ##       ##     ## ##     ##       ## ##
     ##       #### ##     ## ######## ########  ##     ##  ######  ########

You're about to initialize a Firebase project in this directory:

  D:\React Projects\amazonclone

[info] 
=== Project Setup
[info] 
[info] First, let's associate this project directory with a Firebase project.
[info] You can create multiple project aliases by running firebase use --add, 
[info] but for now we'll just set up a default project.
[info] 
[debug] [2023-03-12T06:44:32.988Z] >>> [apiv2][query] GET https://firebase.googleapis.com/v1beta1/projects pageSize=100
[debug] [2023-03-12T06:44:34.062Z] <<< [apiv2][status] GET https://firebase.googleapis.com/v1beta1/projects 200
[debug] [2023-03-12T06:44:34.063Z] <<< [apiv2][body] GET https://firebase.googleapis.com/v1beta1/projects [omitted]
[info] i  Using project clone-2c65a (amazon-clone) 
[info] 
=== Hosting Setup
[info] 
[info] Your public directory is the folder (relative to your project directory) that
[info] will contain Hosting assets to be uploaded with firebase deploy. If you
[info] have a build process for your assets, use your build's output directory.
[info] 
[debug] [2023-03-12T06:45:36.411Z] >>> [apiv2][query] GET https://www.gstatic.com/firebasejs/releases.json [none]
[debug] [2023-03-12T06:45:36.855Z] <<< [apiv2][status] GET https://www.gstatic.com/firebasejs/releases.json 200
[debug] [2023-03-12T06:45:36.855Z] <<< [apiv2][body] GET https://www.gstatic.com/firebasejs/releases.json {"current":{"version":"9.17.2","browserURL":"https://www.gstatic.com/firebasejs/9.17.2/firebase.js","packageURL":"https://www.gstatic.com/firebasejs/9.17.2/firebase.tgz"},"live":{"version":"9.17","browserURL":"https://www.gstatic.com/firebasejs/live/9.17/firebase.js","packageURL":"https://www.gstatic.com/firebasejs/live/9.17/firebase.tgz"},"components":{"analytics":"https://www.gstatic.com/firebasejs/9.17.2/firebase-analytics.js","app":"https://www.gstatic.com/firebasejs/9.17.2/firebase-app.js","app-check":"https://www.gstatic.com/firebasejs/9.17.2/firebase-app-check.js","auth":"https://www.gstatic.com/firebasejs/9.17.2/firebase-auth.js","auth/cordova":"https://www.gstatic.com/firebasejs/9.17.2/firebase-auth/cordova.js","auth/react-native":"https://www.gstatic.com/firebasejs/9.17.2/firebase-auth/react-native.js","functions":"https://www.gstatic.com/firebasejs/9.17.2/firebase-functions.js","firestore":"https://www.gstatic.com/firebasejs/9.17.2/firebase-firestore.js","firestore/lite":"https://www.gstatic.com/firebasejs/9.17.2/firebase-firestore/lite.js","installations":"https://www.gstatic.com/firebasejs/9.17.2/firebase-installations.js","storage":"https://www.gstatic.com/firebasejs/9.17.2/firebase-storage.js","performance":"https://www.gstatic.com/firebasejs/9.17.2/firebase-performance.js","remote-config":"https://www.gstatic.com/firebasejs/9.17.2/firebase-remote-config.js","messaging":"https://www.gstatic.com/firebasejs/9.17.2/firebase-messaging.js","messaging/sw":"https://www.gstatic.com/firebasejs/9.17.2/firebase-messaging/sw.js","database":"https://www.gstatic.com/firebasejs/9.17.2/firebase-database.js","firestore.memory":"https://www.gstatic.com/firebasejs/9.17.2/firebase-firestore.memory.js"}}
[info] +  Wrote build/index.html 
[info] 
[info] i  Didn't detect a .git folder. Assuming D:\React Projects\amazonclone is the project root. 
[info] i  Authorizing with GitHub to upload your service account to a GitHub repository's secrets store. 
[info] 
[info] Visit this URL on this device to log in:
[info] https://github.com/login/oauth/authorize?client_id=89cf50f02ac6aaed3484&state=826776260&redirect_uri=http%3A%2F%2Flocalhost%3A9005&scope=read%3Auser%20repo%20public_repo
[info] 
[info] Waiting for authentication...
[debug] [2023-03-12T06:46:11.020Z] >>> [apiv2][query] POST https://github.com/login/oauth/access_token [none]
[debug] [2023-03-12T06:46:11.020Z] >>> [apiv2][body] POST https://github.com/login/oauth/access_token [stream]
[debug] [2023-03-12T06:46:12.056Z] <<< [apiv2][status] POST https://github.com/login/oauth/access_token 200
[debug] [2023-03-12T06:46:12.057Z] <<< [apiv2][body] POST https://github.com/login/oauth/access_token {"access_token":"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","token_type":"bearer","scope":"read:user,repo"}
[debug] [2023-03-12T06:46:12.066Z] >>> [apiv2][query] GET https://api.github.com/user [none]
[debug] [2023-03-12T06:46:12.996Z] <<< [apiv2][status] GET https://api.github.com/user 200
[debug] [2023-03-12T06:46:12.996Z] <<< [apiv2][body] GET https://api.github.com/user {"login":"ankurrajdutta","id":89413413,"node_id":"MDQ6VXNlcjg5NDEzNDEz","avatar_url":"https://avatars.githubusercontent.com/u/89413413?v=4","gravatar_id":"","url":"https://api.github.com/users/ankurrajdutta","html_url":"https://github.com/ankurrajdutta","followers_url":"https://api.github.com/users/ankurrajdutta/followers","following_url":"https://api.github.com/users/ankurrajdutta/following{/other_user}","gists_url":"https://api.github.com/users/ankurrajdutta/gists{/gist_id}","starred_url":"https://api.github.com/users/ankurrajdutta/starred{/owner}{/repo}","subscriptions_url":"https://api.github.com/users/ankurrajdutta/subscriptions","organizations_url":"https://api.github.com/users/ankurrajdutta/orgs","repos_url":"https://api.github.com/users/ankurrajdutta/repos","events_url":"https://api.github.com/users/ankurrajdutta/events{/privacy}","received_events_url":"https://api.github.com/users/ankurrajdutta/received_events","type":"User","site_admin":false,"name":null,"company":null,"blog":"","location":null,"email":null,"hireable":null,"bio":null,"twitter_username":null,"public_repos":10,"public_gists":0,"followers":0,"following":0,"created_at":"2021-08-23T17:47:30Z","updated_at":"2023-01-24T13:48:56Z","private_gists":0,"total_private_repos":2,"owned_private_repos":2,"disk_usage":1738,"collaborators":0,"two_factor_authentication":false,"plan":{"name":"free","space":976562499,"collaborators":0,"private_repos":10000}}
[info] 
[info] +  Success! Logged into GitHub as ankurrajdutta 
[info] 
